TN:
SF:app.js
FN:19,(anonymous_0)
FN:26,(anonymous_1)
FNF:2
FNH:0
FNDA:0,(anonymous_0)
FNDA:0,(anonymous_1)
DA:4,2
DA:6,2
DA:7,2
DA:8,2
DA:9,2
DA:11,2
DA:13,2
DA:14,2
DA:19,2
DA:20,0
DA:21,0
DA:26,2
DA:27,0
DA:29,0
DA:36,2
LF:15
LH:11
BRDA:27,0,0,0
BRDA:27,0,1,0
BRF:2
BRH:0
end_of_record
TN:
SF:db.js
FNF:0
FNH:0
DA:1,2
DA:4,2
DA:13,2
LF:3
LH:3
BRF:0
BRH:0
end_of_record
TN:
SF:expressError.js
FN:8,(anonymous_0)
FNF:1
FNH:0
FNDA:0,(anonymous_0)
DA:9,0
DA:10,0
DA:11,0
DA:12,0
DA:17,2
LF:5
LH:1
BRF:0
BRH:0
end_of_record
TN:
SF:routes/companies.js
FN:8,(anonymous_0)
FN:21,(anonymous_1)
FN:43,(anonymous_2)
FN:62,(anonymous_3)
FN:79,(anonymous_4)
FN:100,(anonymous_5)
FNF:6
FNH:5
FNDA:0,(anonymous_0)
FNDA:1,(anonymous_1)
FNDA:1,(anonymous_2)
FNDA:1,(anonymous_3)
FNDA:1,(anonymous_4)
FNDA:1,(anonymous_5)
DA:1,2
DA:2,2
DA:5,2
DA:8,2
DA:9,0
DA:11,0
DA:13,0
DA:16,0
DA:21,2
DA:22,1
DA:23,1
DA:25,1
DA:28,1
DA:29,0
DA:33,1
DA:39,1
DA:43,1
DA:54,1
DA:57,0
DA:62,2
DA:63,1
DA:64,1
DA:65,1
DA:67,1
DA:71,1
DA:73,0
DA:74,0
DA:79,2
DA:80,1
DA:81,1
DA:82,1
DA:84,1
DA:87,1
DA:88,0
DA:92,1
DA:95,0
DA:100,2
DA:101,1
DA:102,1
DA:104,1
DA:107,1
DA:108,0
DA:112,1
DA:115,0
DA:120,2
LF:45
LH:33
BRDA:28,0,0,0
BRDA:28,0,1,1
BRDA:87,1,0,0
BRDA:87,1,1,1
BRDA:107,2,0,0
BRDA:107,2,1,1
BRF:6
BRH:3
end_of_record
TN:
SF:routes/invoices.js
FN:8,(anonymous_0)
FN:21,(anonymous_1)
FN:59,(anonymous_2)
FN:73,(anonymous_3)
FN:98,(anonymous_4)
FNF:5
FNH:5
FNDA:1,(anonymous_0)
FNDA:1,(anonymous_1)
FNDA:1,(anonymous_2)
FNDA:1,(anonymous_3)
FNDA:1,(anonymous_4)
DA:1,2
DA:2,2
DA:5,2
DA:8,2
DA:9,1
DA:11,1
DA:13,1
DA:16,0
DA:21,2
DA:22,1
DA:24,1
DA:26,1
DA:32,1
DA:33,0
DA:37,1
DA:51,1
DA:54,0
DA:59,2
DA:60,1
DA:61,1
DA:62,1
DA:66,1
DA:68,0
DA:73,2
DA:74,1
DA:76,1
DA:77,1
DA:79,1
DA:85,1
DA:86,0
DA:90,1
DA:93,0
DA:98,2
DA:99,1
DA:101,1
DA:103,1
DA:106,1
DA:107,0
DA:111,1
DA:114,0
DA:119,2
LF:41
LH:33
BRDA:32,0,0,0
BRDA:32,0,1,1
BRDA:85,1,0,0
BRDA:85,1,1,1
BRDA:106,2,0,0
BRDA:106,2,1,1
BRF:6
BRH:3
end_of_record
