TN:
SF:app.js
FN:19,(anonymous_0)
FN:26,(anonymous_1)
FNF:2
FNH:0
FNDA:0,(anonymous_0)
FNDA:0,(anonymous_1)
DA:4,2
DA:6,2
DA:7,2
DA:8,2
DA:9,2
DA:11,2
DA:13,2
DA:14,2
DA:19,2
DA:20,0
DA:21,0
DA:26,2
DA:27,0
DA:29,0
DA:36,2
LF:15
LH:11
BRDA:27,0,0,0
BRDA:27,0,1,0
BRF:2
BRH:0
end_of_record
TN:
SF:db.js
FNF:0
FNH:0
DA:1,2
DA:4,2
DA:13,2
LF:3
LH:3
BRF:0
BRH:0
end_of_record
TN:
SF:expressError.js
FN:8,(anonymous_0)
FNF:1
FNH:0
FNDA:0,(anonymous_0)
DA:9,0
DA:10,0
DA:11,0
DA:12,0
DA:17,2
LF:5
LH:1
BRF:0
BRH:0
end_of_record
TN:
SF:routes/companies.js
FN:9,(anonymous_0)
FN:22,(anonymous_1)
FN:44,(anonymous_2)
FN:63,(anonymous_3)
FN:80,(anonymous_4)
FN:101,(anonymous_5)
FNF:6
FNH:1
FNDA:0,(anonymous_0)
FNDA:0,(anonymous_1)
FNDA:0,(anonymous_2)
FNDA:1,(anonymous_3)
FNDA:0,(anonymous_4)
FNDA:0,(anonymous_5)
DA:1,2
DA:2,2
DA:3,2
DA:6,2
DA:9,2
DA:10,0
DA:12,0
DA:14,0
DA:17,0
DA:22,2
DA:23,0
DA:24,0
DA:26,0
DA:29,0
DA:30,0
DA:34,0
DA:40,0
DA:44,0
DA:55,0
DA:58,0
DA:63,2
DA:64,1
DA:65,1
DA:66,1
DA:68,0
DA:72,0
DA:74,1
DA:75,1
DA:80,2
DA:81,0
DA:82,0
DA:83,0
DA:85,0
DA:88,0
DA:89,0
DA:93,0
DA:96,0
DA:101,2
DA:102,0
DA:103,0
DA:105,0
DA:108,0
DA:109,0
DA:113,0
DA:116,0
DA:121,2
LF:46
LH:15
BRDA:29,0,0,0
BRDA:29,0,1,0
BRDA:88,1,0,0
BRDA:88,1,1,0
BRDA:108,2,0,0
BRDA:108,2,1,0
BRF:6
BRH:0
end_of_record
TN:
SF:routes/invoices.js
FN:8,(anonymous_0)
FN:21,(anonymous_1)
FN:59,(anonymous_2)
FN:73,(anonymous_3)
FN:98,(anonymous_4)
FNF:5
FNH:5
FNDA:1,(anonymous_0)
FNDA:1,(anonymous_1)
FNDA:1,(anonymous_2)
FNDA:1,(anonymous_3)
FNDA:1,(anonymous_4)
DA:1,2
DA:2,2
DA:5,2
DA:8,2
DA:9,1
DA:11,1
DA:13,1
DA:16,0
DA:21,2
DA:22,1
DA:24,1
DA:26,1
DA:32,1
DA:33,0
DA:37,1
DA:51,1
DA:54,0
DA:59,2
DA:60,1
DA:61,1
DA:62,1
DA:66,1
DA:68,0
DA:73,2
DA:74,1
DA:76,1
DA:77,1
DA:79,1
DA:85,1
DA:86,0
DA:90,1
DA:93,0
DA:98,2
DA:99,1
DA:101,1
DA:103,1
DA:106,1
DA:107,0
DA:111,1
DA:114,0
DA:119,2
LF:41
LH:33
BRDA:32,0,0,0
BRDA:32,0,1,1
BRDA:85,1,0,0
BRDA:85,1,1,1
BRDA:106,2,0,0
BRDA:106,2,1,1
BRF:6
BRH:3
end_of_record
